Using pre-set license
Built from '6000.1/staging' branch; Version is '6000.1.11f1 (9b156bbbd4df) revision 10163563'; Using compiler version '194234433'; Build Type 'Release'
OS: 'Windows 11  (10.0.26100) 64bit Professional' Language: 'es' Physical Memory: 32473 MB
BatchMode: 1, IsHumanControllingUs: 0, StartBugReporterOnCrash: 0, Is64bit: 1, IsPro: 1
Date: 2025-12-18T17:02:34Z

COMMAND LINE ARGUMENTS:
C:\Program Files\Unity\Hub\Editor\6000.1.11f1\Editor\Unity.exe
-adb2
-batchMode
-noUpm
-name
AssetImportWorker2
-projectPath
C:/Users/Alumno/Documents/GitHub/PracticaPostproUnity/Postpro_Practica
-logFile
Logs/AssetImportWorker2.log
-srvPort
50809
-job-worker-count
15
-background-job-worker-count
8
-gc-helper-count
1
-name
AssetImport
Successfully changed project path to: C:/Users/Alumno/Documents/GitHub/PracticaPostproUnity/Postpro_Practica
C:/Users/Alumno/Documents/GitHub/PracticaPostproUnity/Postpro_Practica
[UnityMemory] Configuration Parameters - Can be set up in boot.config
    "memorysetup-allocator-temp-initial-block-size-main=262144"
    "memorysetup-allocator-temp-initial-block-size-worker=262144"
    "memorysetup-bucket-allocator-granularity=16"
    "memorysetup-bucket-allocator-bucket-count=8"
    "memorysetup-bucket-allocator-block-size=33554432"
    "memorysetup-bucket-allocator-block-count=8"
    "memorysetup-main-allocator-block-size=16777216"
    "memorysetup-thread-allocator-block-size=16777216"
    "memorysetup-gfx-main-allocator-block-size=16777216"
    "memorysetup-gfx-thread-allocator-block-size=16777216"
    "memorysetup-cache-allocator-block-size=4194304"
    "memorysetup-typetree-allocator-block-size=2097152"
    "memorysetup-profiler-bucket-allocator-granularity=16"
    "memorysetup-profiler-bucket-allocator-bucket-count=8"
    "memorysetup-profiler-bucket-allocator-block-size=33554432"
    "memorysetup-profiler-bucket-allocator-block-count=8"
    "memorysetup-profiler-allocator-block-size=16777216"
    "memorysetup-profiler-editor-allocator-block-size=1048576"
    "memorysetup-temp-allocator-size-main=16777216"
    "memorysetup-job-temp-allocator-block-size=2097152"
    "memorysetup-job-temp-allocator-block-size-background=1048576"
    "memorysetup-job-temp-allocator-reduction-small-platforms=262144"
    "memorysetup-temp-allocator-size-background-worker=32768"
    "memorysetup-temp-allocator-size-job-worker=262144"
    "memorysetup-temp-allocator-size-preload-manager=33554432"
    "memorysetup-temp-allocator-size-nav-mesh-worker=65536"
    "memorysetup-temp-allocator-size-audio-worker=65536"
    "memorysetup-temp-allocator-size-cloud-worker=32768"
    "memorysetup-temp-allocator-size-gi-baking-worker=262144"
    "memorysetup-temp-allocator-size-gi-baking-worker=262144"
    "memorysetup-temp-allocator-size-gi-baking-worker=262144"
    "memorysetup-temp-allocator-size-gi-baking-worker=262144"
    "memorysetup-temp-allocator-size-gi-baking-worker=262144"
    "memorysetup-temp-allocator-size-gfx=262144"
Player connection [29468]  Target information:

Player connection [29468]  * "[IP] 10.20.2.224 [Port] 0 [Flags] 2 [Guid] 1258250888 [EditorId] 1258250888 [Version] 1048832 [Id] WindowsEditor(7,A97-CNOVILLO-28) [Debug] 1 [PackageName] WindowsEditor [ProjectName] Editor" 

Player connection [29468]  * "[IP] 192.168.56.1 [Port] 0 [Flags] 2 [Guid] 1258250888 [EditorId] 1258250888 [Version] 1048832 [Id] WindowsEditor(7,A97-CNOVILLO-28) [Debug] 1 [PackageName] WindowsEditor [ProjectName] Editor" 

Player connection [29468] Host joined multi-casting on [225.0.0.222:54997]...
Player connection [29468] Host joined alternative multi-casting on [225.0.0.222:34997]...
JobSystem: Creating JobQueue using job-worker-count value 15
Input System module state changed to: Initialized.
[Physics::Module] Initialized fallback backend.
[Physics::Module] Id: 0xdecafbad
Library Redirect Path: Library/
[Physics::Module] Selected backend.
[Physics::Module] Name: PhysX
[Physics::Module] Id: 0xf2b8ea05
[Physics::Module] SDK Version: 4.1.2
[Physics::Module] Integration Version: 1.0.0
[Physics::Module] Threading Mode: Multi-Threaded
Refreshing native plugins compatible for Editor in 1.37 ms, found 3 plugins.
Preloading 0 native plugins for Editor in 0.00 ms.
Initialize engine version: 6000.1.11f1 (9b156bbbd4df)
[Subsystems] Discovering subsystems at path C:/Program Files/Unity/Hub/Editor/6000.1.11f1/Editor/Data/Resources/UnitySubsystems
[Subsystems] Discovering subsystems at path C:/Users/Alumno/Documents/GitHub/PracticaPostproUnity/Postpro_Practica/Assets
GfxDevice: creating device client; kGfxThreadingModeNonThreaded
Direct3D:
    Version:         Direct3D 12 [level 12.1]
    Renderer:        NVIDIA GeForce RTX 4070 SUPER (ID=0x2783)
    Vendor:          NVIDIA
    VRAM:            11999 MB
    App VRAM Budget: 11231 MB
    Driver:          32.0.15.7700
Initialize mono
Mono path[0] = 'C:/Program Files/Unity/Hub/Editor/6000.1.11f1/Editor/Data/Managed'
Mono path[1] = 'C:/Program Files/Unity/Hub/Editor/6000.1.11f1/Editor/Data/MonoBleedingEdge/lib/mono/unityjit-win32'
Mono config path = 'C:/Program Files/Unity/Hub/Editor/6000.1.11f1/Editor/Data/MonoBleedingEdge/etc'
Using monoOptions --debugger-agent=transport=dt_socket,embedding=1,server=y,suspend=n,address=127.0.0.1:56464
Begin MonoManager ReloadAssembly
Registering precompiled unity dll's ...
Register platform support module: C:/Program Files/Unity/Hub/Editor/6000.1.11f1/Editor/Data/PlaybackEngines/WindowsStandaloneSupport/UnityEditor.WindowsStandalone.Extensions.dll
Register platform support module: C:/Program Files/Unity/Hub/Editor/6000.1.11f1/Editor/Data/PlaybackEngines/MetroSupport/UnityEditor.UWP.Extensions.dll
Register platform support module: C:/Program Files/Unity/Hub/Editor/6000.1.11f1/Editor/Data/PlaybackEngines/AndroidPlayer/UnityEditor.Android.Extensions.dll
Registered in 0.001319 seconds.
- Loaded All Assemblies, in  0.247 seconds
Native extension for Android target not found
Android Extension - Scanning For ADB Devices 1682 ms
Native extension for UWP target not found
Native extension for WindowsStandalone target not found
Mono: successfully reloaded assembly
- Finished resetting the current domain, in  1.910 seconds
Domain Reload Profiling: 2156ms
	BeginReloadAssembly (88ms)
		ExecutionOrderSort (0ms)
		DisableScriptedObjects (0ms)
		BackupInstance (0ms)
		ReleaseScriptingObjects (0ms)
		CreateAndSetChildDomain (0ms)
	RebuildCommonClasses (23ms)
	RebuildNativeTypeToScriptingClass (7ms)
	initialDomainReloadingComplete (28ms)
	LoadAllAssembliesAndSetupDomain (99ms)
		LoadAssemblies (87ms)
		RebuildTransferFunctionScriptingTraits (0ms)
		AnalyzeDomain (97ms)
			TypeCache.Refresh (96ms)
				TypeCache.ScanAssembly (87ms)
			BuildScriptInfoCaches (0ms)
			ResolveRequiredComponents (0ms)
	FinalizeReload (1910ms)
		ReleaseScriptCaches (0ms)
		RebuildScriptCaches (0ms)
		SetupLoadedEditorAssemblies (1884ms)
			LogAssemblyErrors (0ms)
			InitializePlatformSupportModulesInManaged (1748ms)
			SetLoadedEditorAssemblies (2ms)
			BeforeProcessingInitializeOnLoad (34ms)
			ProcessInitializeOnLoadAttributes (70ms)
			ProcessInitializeOnLoadMethodAttributes (30ms)
			AfterProcessingInitializeOnLoad (0ms)
			EditorAssembliesLoaded (0ms)
		ExecutionOrderSort2 (0ms)
		AwakeInstancesAfterBackupRestoration (0ms)
========================================================================
Worker process is ready to serve import requests
Import Worker Mode flag is 0x00
Begin MonoManager ReloadAssembly
- Loaded All Assemblies, in  0.541 seconds
Refreshing native plugins compatible for Editor in 0.52 ms, found 3 plugins.
Native extension for Android target not found
Native extension for UWP target not found
Native extension for WindowsStandalone target not found
Mono: successfully reloaded assembly
- Finished resetting the current domain, in  0.397 seconds
Domain Reload Profiling: 936ms
	BeginReloadAssembly (109ms)
		ExecutionOrderSort (0ms)
		DisableScriptedObjects (3ms)
		BackupInstance (0ms)
		ReleaseScriptingObjects (0ms)
		CreateAndSetChildDomain (20ms)
	RebuildCommonClasses (22ms)
	RebuildNativeTypeToScriptingClass (7ms)
	initialDomainReloadingComplete (25ms)
	LoadAllAssembliesAndSetupDomain (376ms)
		LoadAssemblies (267ms)
		RebuildTransferFunctionScriptingTraits (0ms)
		AnalyzeDomain (171ms)
			TypeCache.Refresh (136ms)
				TypeCache.ScanAssembly (122ms)
			BuildScriptInfoCaches (29ms)
			ResolveRequiredComponents (4ms)
	FinalizeReload (397ms)
		ReleaseScriptCaches (0ms)
		RebuildScriptCaches (0ms)
		SetupLoadedEditorAssemblies (320ms)
			LogAssemblyErrors (0ms)
			InitializePlatformSupportModulesInManaged (6ms)
			SetLoadedEditorAssemblies (3ms)
			BeforeProcessingInitializeOnLoad (66ms)
			ProcessInitializeOnLoadAttributes (214ms)
			ProcessInitializeOnLoadMethodAttributes (29ms)
			AfterProcessingInitializeOnLoad (2ms)
			EditorAssembliesLoaded (0ms)
		ExecutionOrderSort2 (0ms)
		AwakeInstancesAfterBackupRestoration (3ms)
Launched and connected shader compiler UnityShaderCompiler.exe after 0.02 seconds
Refreshing native plugins compatible for Editor in 0.42 ms, found 3 plugins.
Preloading 0 native plugins for Editor in 0.00 ms.
Unloading 112 Unused Serialized files (Serialized files now loaded: 0)
Unloading 5658 unused Assets / (5.1 MB). Loaded Objects now: 6193.
Memory consumption went from 146.8 MB to 141.7 MB.
Total: 5.513900 ms (FindLiveObjects: 0.548300 ms CreateObjectMapping: 0.297200 ms MarkObjects: 2.923500 ms  DeleteObjects: 1.744200 ms)

========================================================================
Received Import Request.
  Time since last request: 632.077203 seconds.
  path: Assets/ShaderLab/Hologram_Material.mat
  artifactKey: Guid(afe3f59d5056fb74da61374760cd85a0) Importer(815301076,1909f56bfc062723c751e8b465ee728b)
Start importing Assets/ShaderLab/Hologram_Material.mat using Guid(afe3f59d5056fb74da61374760cd85a0) Importer(815301076,1909f56bfc062723c751e8b465ee728b) (PreviewImporter) -> (artifact id: '8f8d87c349bace230aa0927375497892') in 0.2335739 seconds
Number of updated asset objects reloaded before import = 0Number of asset objects unloaded after import = 4

========================================================================
Received Import Request.
  Time since last request: 0.000016 seconds.
  path: Assets/ShaderLab/Waves_Material.mat
  artifactKey: Guid(d14b2a64e84a25849862acc3062c6d4b) Importer(815301076,1909f56bfc062723c751e8b465ee728b)
Start importing Assets/ShaderLab/Waves_Material.mat using Guid(d14b2a64e84a25849862acc3062c6d4b) Importer(815301076,1909f56bfc062723c751e8b465ee728b) (PreviewImporter) -> (artifact id: '022b7fab73a9b6483e731e09e4697c23') in 0.0226048 seconds
Number of updated asset objects reloaded before import = 0Number of asset objects unloaded after import = 2

========================================================================
Received Import Request.
  Time since last request: 1207.417440 seconds.
  path: Assets/ShaderLab
  artifactKey: Guid(724c90eecec69a94285659384d356c61) Importer(815301076,1909f56bfc062723c751e8b465ee728b)
Start importing Assets/ShaderLab using Guid(724c90eecec69a94285659384d356c61) Importer(815301076,1909f56bfc062723c751e8b465ee728b) (PreviewImporter) -> (artifact id: 'bffd3d3732519acf3575ba79ac66d85f') in 0.0006338 seconds
Number of updated asset objects reloaded before import = 0Number of asset objects unloaded after import = 0

========================================================================
Received Import Request.
  Time since last request: 5.184959 seconds.
  path: Assets/ShaderLab/StencilWindow.shader
  artifactKey: Guid(9cc1f09c2c74ebf4dbf537cbd1ca9ff4) Importer(815301076,1909f56bfc062723c751e8b465ee728b)
Start importing Assets/ShaderLab/StencilWindow.shader using Guid(9cc1f09c2c74ebf4dbf537cbd1ca9ff4) Importer(815301076,1909f56bfc062723c751e8b465ee728b) (PreviewImporter) -> (artifact id: '5329eeb815a02705703c9a8ae2712ae2') in 0.0026019 seconds
Number of updated asset objects reloaded before import = 0Number of asset objects unloaded after import = 1

========================================================================
Received Import Request.
  Time since last request: 17.921880 seconds.
  path: Assets/ShaderLab/StencilObject.shader.mat
  artifactKey: Guid(2bb135b345f312b4c97d3cb4283935e1) Importer(815301076,1909f56bfc062723c751e8b465ee728b)
Start importing Assets/ShaderLab/StencilObject.shader.mat using Guid(2bb135b345f312b4c97d3cb4283935e1) Importer(815301076,1909f56bfc062723c751e8b465ee728b) (PreviewImporter) -> (artifact id: '85a34df4fa5b41d63fbbe9b2fc7e5242') in 0.1417062 seconds
Number of updated asset objects reloaded before import = 0Number of asset objects unloaded after import = 2

========================================================================
Received Import Request.
  Time since last request: 43.422585 seconds.
  path: Assets/ShaderLab/StencilObject.shader.mat
  artifactKey: Guid(2bb135b345f312b4c97d3cb4283935e1) Importer(815301076,1909f56bfc062723c751e8b465ee728b)
Start importing Assets/ShaderLab/StencilObject.shader.mat using Guid(2bb135b345f312b4c97d3cb4283935e1) Importer(815301076,1909f56bfc062723c751e8b465ee728b) (PreviewImporter) -> (artifact id: '93ca301637d869e71f34917797022e14') in 0.0900422 seconds
Number of updated asset objects reloaded before import = 0Number of asset objects unloaded after import = 2

========================================================================
Received Import Request.
  Time since last request: 34.297519 seconds.
  path: Assets/ShaderLab/StencilObject.shader
  artifactKey: Guid(7db814f9c8643e3409cf219a44692598) Importer(815301076,1909f56bfc062723c751e8b465ee728b)
Start importing Assets/ShaderLab/StencilObject.shader using Guid(7db814f9c8643e3409cf219a44692598) Importer(815301076,1909f56bfc062723c751e8b465ee728b) (PreviewImporter) -> (artifact id: '6a1be3065bb54923e9d2212fa50ff42a') in 0.0012831 seconds
Number of updated asset objects reloaded before import = 0Number of asset objects unloaded after import = 1

========================================================================
Received Import Request.
  Time since last request: 55.346480 seconds.
  path: Assets/ShaderLab/New Folder
  artifactKey: Guid(988191c2eb06d0143b686b33807740ee) Importer(815301076,1909f56bfc062723c751e8b465ee728b)
Start importing Assets/ShaderLab/New Folder using Guid(988191c2eb06d0143b686b33807740ee) Importer(815301076,1909f56bfc062723c751e8b465ee728b) (PreviewImporter) -> (artifact id: '84934eeb8e1b25fb690a3ea137d85692') in 0.0003436 seconds
Number of updated asset objects reloaded before import = 0Number of asset objects unloaded after import = 0

========================================================================
Received Import Request.
  Time since last request: 7.673381 seconds.
  path: Assets/ShaderLab/StencilObjectA_Material.mat
  artifactKey: Guid(cb3af0ddeab31974496fe9765df99ee6) Importer(815301076,1909f56bfc062723c751e8b465ee728b)
Start importing Assets/ShaderLab/StencilObjectA_Material.mat using Guid(cb3af0ddeab31974496fe9765df99ee6) Importer(815301076,1909f56bfc062723c751e8b465ee728b) (PreviewImporter) -> (artifact id: 'c802b061574a2216ab22ee7f761e6234') in 0.0204669 seconds
Number of updated asset objects reloaded before import = 0Number of asset objects unloaded after import = 2

========================================================================
Received Import Request.
  Time since last request: 1.804949 seconds.
  path: Assets/ShaderLab/StencilObjectA_Material 1.mat
  artifactKey: Guid(667fba7ff31c88546aabe14fc65c54ef) Importer(815301076,1909f56bfc062723c751e8b465ee728b)
Start importing Assets/ShaderLab/StencilObjectA_Material 1.mat using Guid(667fba7ff31c88546aabe14fc65c54ef) Importer(815301076,1909f56bfc062723c751e8b465ee728b) (PreviewImporter) -> (artifact id: '3c172f9e5703cb1e76fcae23078122ef') in 0.0181435 seconds
Number of updated asset objects reloaded before import = 0Number of asset objects unloaded after import = 2

========================================================================
Received Import Request.
  Time since last request: 40.106759 seconds.
  path: Assets/ShaderLab/StencilWindow_Material.mat
  artifactKey: Guid(abe86fdba35bf564cabf1885eba635ae) Importer(815301076,1909f56bfc062723c751e8b465ee728b)
Start importing Assets/ShaderLab/StencilWindow_Material.mat using Guid(abe86fdba35bf564cabf1885eba635ae) Importer(815301076,1909f56bfc062723c751e8b465ee728b) (PreviewImporter) -> (artifact id: '151dffbe00c91f31cad0761bbdbddfaf') in 0.0214771 seconds
Number of updated asset objects reloaded before import = 0Number of asset objects unloaded after import = 2

========================================================================
Received Import Request.
  Time since last request: 19.902186 seconds.
  path: Assets/ShaderLab/StencilObjectA_Material.mat
  artifactKey: Guid(cb3af0ddeab31974496fe9765df99ee6) Importer(815301076,1909f56bfc062723c751e8b465ee728b)
Start importing Assets/ShaderLab/StencilObjectA_Material.mat using Guid(cb3af0ddeab31974496fe9765df99ee6) Importer(815301076,1909f56bfc062723c751e8b465ee728b) (PreviewImporter) -> (artifact id: 'e3b826406001acc65801cb6250a241fb') in 0.0899132 seconds
Number of updated asset objects reloaded before import = 0Number of asset objects unloaded after import = 2

========================================================================
Received Import Request.
  Time since last request: 15.039138 seconds.
  path: Assets/ShaderLab/StencilObjectA_Material 1.mat
  artifactKey: Guid(773c9e0804232944eaa939f74cb3bf12) Importer(815301076,1909f56bfc062723c751e8b465ee728b)
Start importing Assets/ShaderLab/StencilObjectA_Material 1.mat using Guid(773c9e0804232944eaa939f74cb3bf12) Importer(815301076,1909f56bfc062723c751e8b465ee728b) (PreviewImporter) -> (artifact id: 'd9500414fe1d509040933d8ce4f00a53') in 0.0228073 seconds
Number of updated asset objects reloaded before import = 0Number of asset objects unloaded after import = 2

========================================================================
Received Import Request.
  Time since last request: 12.889309 seconds.
  path: Assets/ShaderLab/StencilObjectB_Material.mat
  artifactKey: Guid(773c9e0804232944eaa939f74cb3bf12) Importer(815301076,1909f56bfc062723c751e8b465ee728b)
Start importing Assets/ShaderLab/StencilObjectB_Material.mat using Guid(773c9e0804232944eaa939f74cb3bf12) Importer(815301076,1909f56bfc062723c751e8b465ee728b) (PreviewImporter) -> (artifact id: '12a8704b3ffc3ec1d161286b9a2dbe8b') in 0.0167439 seconds
Number of updated asset objects reloaded before import = 0Number of asset objects unloaded after import = 2

========================================================================
Received Import Request.
  Time since last request: 275.190678 seconds.
  path: Assets/ShaderLab/StencilWindow_Material.mat
  artifactKey: Guid(abe86fdba35bf564cabf1885eba635ae) Importer(815301076,1909f56bfc062723c751e8b465ee728b)
Start importing Assets/ShaderLab/StencilWindow_Material.mat using Guid(abe86fdba35bf564cabf1885eba635ae) Importer(815301076,1909f56bfc062723c751e8b465ee728b) (PreviewImporter) -> (artifact id: '7393b34f27725741f3b78b1d786039bb') in 0.0261162 seconds
Number of updated asset objects reloaded before import = 0Number of asset objects unloaded after import = 2

========================================================================
Received Import Request.
  Time since last request: 15.069276 seconds.
  path: Assets/ShaderLab/StencilWindow_Material.mat
  artifactKey: Guid(abe86fdba35bf564cabf1885eba635ae) Importer(815301076,1909f56bfc062723c751e8b465ee728b)
Start importing Assets/ShaderLab/StencilWindow_Material.mat using Guid(abe86fdba35bf564cabf1885eba635ae) Importer(815301076,1909f56bfc062723c751e8b465ee728b) (PreviewImporter) -> (artifact id: '16eceee6837e47c59b2829fef208ac21') in 0.0412614 seconds
Number of updated asset objects reloaded before import = 0Number of asset objects unloaded after import = 2

========================================================================
Received Import Request.
  Time since last request: 12.473879 seconds.
  path: Assets/ShaderLab/StencilObjectA_Material.mat
  artifactKey: Guid(cb3af0ddeab31974496fe9765df99ee6) Importer(815301076,1909f56bfc062723c751e8b465ee728b)
Start importing Assets/ShaderLab/StencilObjectA_Material.mat using Guid(cb3af0ddeab31974496fe9765df99ee6) Importer(815301076,1909f56bfc062723c751e8b465ee728b) (PreviewImporter) -> (artifact id: '73a7ff08ed8541f47b061e4901a406d6') in 0.0389451 seconds
Number of updated asset objects reloaded before import = 0Number of asset objects unloaded after import = 2

========================================================================
Received Import Request.
  Time since last request: 0.000017 seconds.
  path: Assets/ShaderLab/StencilObject.shader
  artifactKey: Guid(7db814f9c8643e3409cf219a44692598) Importer(815301076,1909f56bfc062723c751e8b465ee728b)
Start importing Assets/ShaderLab/StencilObject.shader using Guid(7db814f9c8643e3409cf219a44692598) Importer(815301076,1909f56bfc062723c751e8b465ee728b) (PreviewImporter) -> (artifact id: 'f50cede087b6ef7b7ef5a2116782a153') in 0.0014627 seconds
Number of updated asset objects reloaded before import = 0Number of asset objects unloaded after import = 1

========================================================================
Received Import Request.
  Time since last request: 7.596808 seconds.
  path: Assets/Scenes/SampleScene.unity
  artifactKey: Guid(9fc0d4010bbf28b4594072e72b8655ab) Importer(815301076,1909f56bfc062723c751e8b465ee728b)
Start importing Assets/Scenes/SampleScene.unity using Guid(9fc0d4010bbf28b4594072e72b8655ab) Importer(815301076,1909f56bfc062723c751e8b465ee728b) (PreviewImporter) -> (artifact id: '87026cebbf525b8c4322bf170bb2816d') in 0.0003839 seconds
Number of updated asset objects reloaded before import = 0Number of asset objects unloaded after import = 0

========================================================================
Received Import Request.
  Time since last request: 47.785553 seconds.
  path: Assets/ShaderGraph/BasicPBR_Material.mat
  artifactKey: Guid(5b350bf2cd17d814181a696ad34500b5) Importer(815301076,1909f56bfc062723c751e8b465ee728b)
Start importing Assets/ShaderGraph/BasicPBR_Material.mat using Guid(5b350bf2cd17d814181a696ad34500b5) Importer(815301076,1909f56bfc062723c751e8b465ee728b) (PreviewImporter) -> (artifact id: '0ff71716e3c525f96537b5ee9f831d98') in 0.4153998 seconds
Number of updated asset objects reloaded before import = 0Number of asset objects unloaded after import = 5

========================================================================
Received Import Request.
  Time since last request: 25.948762 seconds.
  path: Assets/Models/ChibiLink_Model.fbx
  artifactKey: Guid(06799cb6f5a64804a814f3d48cae3b1f) Importer(815301076,1909f56bfc062723c751e8b465ee728b)
Start importing Assets/Models/ChibiLink_Model.fbx using Guid(06799cb6f5a64804a814f3d48cae3b1f) Importer(815301076,1909f56bfc062723c751e8b465ee728b) (PreviewImporter) -> (artifact id: '4dec26f020452a8e3407a9b4b18451a5') in 0.2497895 seconds
Number of updated asset objects reloaded before import = 0Number of asset objects unloaded after import = 85

========================================================================
Received Import Request.
  Time since last request: 1024.902446 seconds.
  path: Assets/ShaderLab/StencilObjectA_Material.mat
  artifactKey: Guid(cb3af0ddeab31974496fe9765df99ee6) Importer(815301076,1909f56bfc062723c751e8b465ee728b)
Start importing Assets/ShaderLab/StencilObjectA_Material.mat using Guid(cb3af0ddeab31974496fe9765df99ee6) Importer(815301076,1909f56bfc062723c751e8b465ee728b) (PreviewImporter) -> (artifact id: '1d3ff770bd82a8849c7063ec6524ebd5') in 0.0212493 seconds
Number of updated asset objects reloaded before import = 0Number of asset objects unloaded after import = 2

========================================================================
Received Import Request.
  Time since last request: 0.000015 seconds.
  path: Assets/ShaderLab/StencilWindow_Material 1.mat
  artifactKey: Guid(f4f9a7dc687a76c458088819e9b13ed6) Importer(815301076,1909f56bfc062723c751e8b465ee728b)
Start importing Assets/ShaderLab/StencilWindow_Material 1.mat using Guid(f4f9a7dc687a76c458088819e9b13ed6) Importer(815301076,1909f56bfc062723c751e8b465ee728b) (PreviewImporter) -> (artifact id: 'e0e80ae3e0289f4ba7def6682001d1ff') in 0.0171433 seconds
Number of updated asset objects reloaded before import = 0Number of asset objects unloaded after import = 2

========================================================================
Received Import Request.
  Time since last request: 26.384496 seconds.
  path: Assets/ShaderLab/Waves.shader
  artifactKey: Guid(ac29078a842bf234c97d68b95d2ef906) Importer(815301076,1909f56bfc062723c751e8b465ee728b)
Start importing Assets/ShaderLab/Waves.shader using Guid(ac29078a842bf234c97d68b95d2ef906) Importer(815301076,1909f56bfc062723c751e8b465ee728b) (PreviewImporter) -> (artifact id: '5dffc8f3900bbf0088ce5e231c38790e') in 0.0006422 seconds
Number of updated asset objects reloaded before import = 0Number of asset objects unloaded after import = 0

========================================================================
Received Import Request.
  Time since last request: 3.264706 seconds.
  path: Assets/ShaderLab/StencilWindow_Material 1.mat
  artifactKey: Guid(f4f9a7dc687a76c458088819e9b13ed6) Importer(815301076,1909f56bfc062723c751e8b465ee728b)
Start importing Assets/ShaderLab/StencilWindow_Material 1.mat using Guid(f4f9a7dc687a76c458088819e9b13ed6) Importer(815301076,1909f56bfc062723c751e8b465ee728b) (PreviewImporter) -> (artifact id: 'b0424a8e2669115146f1c486f3ea7b6b') in 0.0079479 seconds
Number of updated asset objects reloaded before import = 0Number of asset objects unloaded after import = 2

========================================================================
Received Import Request.
  Time since last request: 245.728695 seconds.
  path: Assets/ShaderLab/GrabPass.shader
  artifactKey: Guid(657d61af4810bae4e91eaa333d060e75) Importer(815301076,1909f56bfc062723c751e8b465ee728b)
Start importing Assets/ShaderLab/GrabPass.shader using Guid(657d61af4810bae4e91eaa333d060e75) Importer(815301076,1909f56bfc062723c751e8b465ee728b) (PreviewImporter) -> (artifact id: '83db9d63dc3b93f97837825e634b7a41') in 0.0016496 seconds
Number of updated asset objects reloaded before import = 0Number of asset objects unloaded after import = 1

